{"C:\\Users\\Usuario\\Desktop\\outbuild\\react-dashboard\\src\\components\\atoms\\Button.jsx": {"path":"C:\\Users\\Usuario\\Desktop\\outbuild\\react-dashboard\\src\\components\\atoms\\Button.jsx","statementMap":{"0":{"start":{"line":4,"column":15},"end":{"line":10,"column":1}},"1":{"start":{"line":5,"column":4},"end":{"line":9,"column":6}},"2":{"start":{"line":12,"column":0},"end":{"line":17,"column":2}}},"fnMap":{"0":{"name":"(anonymous_0)","decl":{"start":{"line":4,"column":15},"end":{"line":4,"column":16}},"loc":{"start":{"line":4,"column":75},"end":{"line":10,"column":1}},"line":4}},"branchMap":{"0":{"loc":{"start":{"line":4,"column":37},"end":{"line":4,"column":52}},"type":"default-arg","locations":[{"start":{"line":4,"column":44},"end":{"line":4,"column":52}}],"line":4},"1":{"loc":{"start":{"line":4,"column":54},"end":{"line":4,"column":68}},"type":"default-arg","locations":[{"start":{"line":4,"column":66},"end":{"line":4,"column":68}}],"line":4}},"s":{"0":1,"1":2,"2":1},"f":{"0":2},"b":{"0":[2],"1":[2]},"_coverageSchema":"1a1c01bbd47fc00a2c39e90264f33305004495a9","hash":"10d63189d33f92e9b7234641c3b07afff6964f71"}
,"C:\\Users\\Usuario\\Desktop\\outbuild\\react-dashboard\\src\\components\\atoms\\Icon.jsx": {"path":"C:\\Users\\Usuario\\Desktop\\outbuild\\react-dashboard\\src\\components\\atoms\\Icon.jsx","statementMap":{"0":{"start":{"line":5,"column":13},"end":{"line":11,"column":1}},"1":{"start":{"line":6,"column":4},"end":{"line":10,"column":6}},"2":{"start":{"line":13,"column":0},"end":{"line":16,"column":2}}},"fnMap":{"0":{"name":"(anonymous_0)","decl":{"start":{"line":5,"column":13},"end":{"line":5,"column":14}},"loc":{"start":{"line":5,"column":40},"end":{"line":11,"column":1}},"line":5}},"branchMap":{"0":{"loc":{"start":{"line":8,"column":13},"end":{"line":8,"column":126}},"type":"cond-expr","locations":[{"start":{"line":8,"column":34},"end":{"line":8,"column":77}},{"start":{"line":8,"column":80},"end":{"line":8,"column":126}}],"line":8}},"s":{"0":3,"1":2,"2":3},"f":{"0":2},"b":{"0":[2,0]},"_coverageSchema":"1a1c01bbd47fc00a2c39e90264f33305004495a9","hash":"9fdcf563b668e1cdbe4ec154c0e2e5af9608229a"}
,"C:\\Users\\Usuario\\Desktop\\outbuild\\react-dashboard\\src\\components\\atoms\\Input.jsx": {"path":"C:\\Users\\Usuario\\Desktop\\outbuild\\react-dashboard\\src\\components\\atoms\\Input.jsx","statementMap":{"0":{"start":{"line":5,"column":14},"end":{"line":23,"column":1}},"1":{"start":{"line":6,"column":4},"end":{"line":22,"column":6}},"2":{"start":{"line":25,"column":0},"end":{"line":34,"column":2}}},"fnMap":{"0":{"name":"(anonymous_0)","decl":{"start":{"line":5,"column":14},"end":{"line":5,"column":15}},"loc":{"start":{"line":5,"column":95},"end":{"line":23,"column":1}},"line":5}},"branchMap":{"0":{"loc":{"start":{"line":16,"column":13},"end":{"line":20,"column":13}},"type":"binary-expr","locations":[{"start":{"line":16,"column":13},"end":{"line":16,"column":21}},{"start":{"line":17,"column":16},"end":{"line":19,"column":22}}],"line":16}},"s":{"0":2,"1":3,"2":2},"f":{"0":3},"b":{"0":[3,0]},"_coverageSchema":"1a1c01bbd47fc00a2c39e90264f33305004495a9","hash":"2c8b46ca68747b408a4f51c0585dc2b8d633455e"}
,"C:\\Users\\Usuario\\Desktop\\outbuild\\react-dashboard\\src\\components\\atoms\\Label.jsx": {"path":"C:\\Users\\Usuario\\Desktop\\outbuild\\react-dashboard\\src\\components\\atoms\\Label.jsx","statementMap":{"0":{"start":{"line":4,"column":14},"end":{"line":10,"column":1}},"1":{"start":{"line":5,"column":4},"end":{"line":9,"column":6}},"2":{"start":{"line":12,"column":0},"end":{"line":15,"column":2}}},"fnMap":{"0":{"name":"(anonymous_0)","decl":{"start":{"line":4,"column":14},"end":{"line":4,"column":15}},"loc":{"start":{"line":4,"column":37},"end":{"line":10,"column":1}},"line":4}},"branchMap":{},"s":{"0":2,"1":2,"2":2},"f":{"0":2},"b":{},"_coverageSchema":"1a1c01bbd47fc00a2c39e90264f33305004495a9","hash":"62c21ced66fbd61a47f687906b39943577919411"}
,"C:\\Users\\Usuario\\Desktop\\outbuild\\react-dashboard\\src\\components\\molecules\\FormGroup.jsx": {"path":"C:\\Users\\Usuario\\Desktop\\outbuild\\react-dashboard\\src\\components\\molecules\\FormGroup.jsx","statementMap":{"0":{"start":{"line":6,"column":18},"end":{"line":21,"column":1}},"1":{"start":{"line":7,"column":4},"end":{"line":20,"column":6}},"2":{"start":{"line":23,"column":0},"end":{"line":32,"column":2}}},"fnMap":{"0":{"name":"(anonymous_0)","decl":{"start":{"line":6,"column":18},"end":{"line":6,"column":19}},"loc":{"start":{"line":6,"column":117},"end":{"line":21,"column":1}},"line":6}},"branchMap":{},"s":{"0":1,"1":1,"2":1},"f":{"0":1},"b":{},"_coverageSchema":"1a1c01bbd47fc00a2c39e90264f33305004495a9","hash":"291f2315cd831653690ecd6e90f6d9f382ba747b"}
,"C:\\Users\\Usuario\\Desktop\\outbuild\\react-dashboard\\src\\components\\molecules\\Modal.jsx": {"path":"C:\\Users\\Usuario\\Desktop\\outbuild\\react-dashboard\\src\\components\\molecules\\Modal.jsx","statementMap":{"0":{"start":{"line":4,"column":14},"end":{"line":10,"column":1}},"1":{"start":{"line":5,"column":4},"end":{"line":9,"column":6}},"2":{"start":{"line":12,"column":0},"end":{"line":15,"column":2}}},"fnMap":{"0":{"name":"(anonymous_0)","decl":{"start":{"line":4,"column":14},"end":{"line":4,"column":15}},"loc":{"start":{"line":4,"column":32},"end":{"line":10,"column":1}},"line":4}},"branchMap":{},"s":{"0":2,"1":2,"2":2},"f":{"0":2},"b":{},"_coverageSchema":"1a1c01bbd47fc00a2c39e90264f33305004495a9","hash":"2b6c77f22301ca11d3a6234ce21da49eed31e951"}
,"C:\\Users\\Usuario\\Desktop\\outbuild\\react-dashboard\\src\\components\\molecules\\ModalHeader.jsx": {"path":"C:\\Users\\Usuario\\Desktop\\outbuild\\react-dashboard\\src\\components\\molecules\\ModalHeader.jsx","statementMap":{"0":{"start":{"line":4,"column":20},"end":{"line":13,"column":1}},"1":{"start":{"line":5,"column":4},"end":{"line":12,"column":6}},"2":{"start":{"line":15,"column":0},"end":{"line":18,"column":2}}},"fnMap":{"0":{"name":"(anonymous_0)","decl":{"start":{"line":4,"column":20},"end":{"line":4,"column":21}},"loc":{"start":{"line":4,"column":44},"end":{"line":13,"column":1}},"line":4}},"branchMap":{},"s":{"0":2,"1":2,"2":2},"f":{"0":2},"b":{},"_coverageSchema":"1a1c01bbd47fc00a2c39e90264f33305004495a9","hash":"506b57ac6bb784fd6c1e66634d53c599da743db3"}
,"C:\\Users\\Usuario\\Desktop\\outbuild\\react-dashboard\\src\\components\\organisms\\DashboardItem.jsx": {"path":"C:\\Users\\Usuario\\Desktop\\outbuild\\react-dashboard\\src\\components\\organisms\\DashboardItem.jsx","statementMap":{"0":{"start":{"line":5,"column":22},"end":{"line":18,"column":1}},"1":{"start":{"line":6,"column":4},"end":{"line":17,"column":6}},"2":{"start":{"line":13,"column":35},"end":{"line":13,"column":53}},"3":{"start":{"line":20,"column":0},"end":{"line":27,"column":2}}},"fnMap":{"0":{"name":"(anonymous_0)","decl":{"start":{"line":5,"column":22},"end":{"line":5,"column":23}},"loc":{"start":{"line":5,"column":50},"end":{"line":18,"column":1}},"line":5},"1":{"name":"(anonymous_1)","decl":{"start":{"line":13,"column":29},"end":{"line":13,"column":30}},"loc":{"start":{"line":13,"column":35},"end":{"line":13,"column":53}},"line":13}},"branchMap":{},"s":{"0":2,"1":502,"2":1,"3":2},"f":{"0":502,"1":1},"b":{},"_coverageSchema":"1a1c01bbd47fc00a2c39e90264f33305004495a9","hash":"aa3744eaf535bcd36b714bfdaea02555376991b5"}
,"C:\\Users\\Usuario\\Desktop\\outbuild\\react-dashboard\\src\\components\\templates\\Dashboard.jsx": {"path":"C:\\Users\\Usuario\\Desktop\\outbuild\\react-dashboard\\src\\components\\templates\\Dashboard.jsx","statementMap":{"0":{"start":{"line":9,"column":18},"end":{"line":55,"column":1}},"1":{"start":{"line":10,"column":36},"end":{"line":10,"column":48}},"2":{"start":{"line":11,"column":50},"end":{"line":11,"column":64}},"3":{"start":{"line":12,"column":23},"end":{"line":12,"column":32}},"4":{"start":{"line":13,"column":21},"end":{"line":13,"column":34}},"5":{"start":{"line":15,"column":4},"end":{"line":21,"column":11}},"6":{"start":{"line":16,"column":26},"end":{"line":19,"column":9}},"7":{"start":{"line":17,"column":25},"end":{"line":17,"column":44}},"8":{"start":{"line":18,"column":12},"end":{"line":18,"column":30}},"9":{"start":{"line":20,"column":8},"end":{"line":20,"column":20}},"10":{"start":{"line":23,"column":22},"end":{"line":23,"column":62}},"11":{"start":{"line":23,"column":35},"end":{"line":23,"column":62}},"12":{"start":{"line":24,"column":23},"end":{"line":24,"column":53}},"13":{"start":{"line":24,"column":29},"end":{"line":24,"column":53}},"14":{"start":{"line":26,"column":25},"end":{"line":29,"column":5}},"15":{"start":{"line":27,"column":8},"end":{"line":27,"column":17}},"16":{"start":{"line":28,"column":8},"end":{"line":28,"column":27}},"17":{"start":{"line":31,"column":4},"end":{"line":54,"column":6}},"18":{"start":{"line":41,"column":20},"end":{"line":41,"column":94}}},"fnMap":{"0":{"name":"(anonymous_0)","decl":{"start":{"line":9,"column":18},"end":{"line":9,"column":19}},"loc":{"start":{"line":9,"column":24},"end":{"line":55,"column":1}},"line":9},"1":{"name":"(anonymous_1)","decl":{"start":{"line":15,"column":14},"end":{"line":15,"column":15}},"loc":{"start":{"line":15,"column":20},"end":{"line":21,"column":5}},"line":15},"2":{"name":"(anonymous_2)","decl":{"start":{"line":16,"column":26},"end":{"line":16,"column":27}},"loc":{"start":{"line":16,"column":38},"end":{"line":19,"column":9}},"line":16},"3":{"name":"(anonymous_3)","decl":{"start":{"line":23,"column":22},"end":{"line":23,"column":23}},"loc":{"start":{"line":23,"column":35},"end":{"line":23,"column":62}},"line":23},"4":{"name":"(anonymous_4)","decl":{"start":{"line":24,"column":23},"end":{"line":24,"column":24}},"loc":{"start":{"line":24,"column":29},"end":{"line":24,"column":53}},"line":24},"5":{"name":"(anonymous_5)","decl":{"start":{"line":26,"column":25},"end":{"line":26,"column":26}},"loc":{"start":{"line":26,"column":31},"end":{"line":29,"column":5}},"line":26},"6":{"name":"(anonymous_6)","decl":{"start":{"line":40,"column":30},"end":{"line":40,"column":31}},"loc":{"start":{"line":41,"column":20},"end":{"line":41,"column":94}},"line":41}},"branchMap":{"0":{"loc":{"start":{"line":44,"column":13},"end":{"line":52,"column":13}},"type":"binary-expr","locations":[{"start":{"line":44,"column":13},"end":{"line":44,"column":28}},{"start":{"line":45,"column":16},"end":{"line":51,"column":24}}],"line":44}},"s":{"0":1,"1":2,"2":2,"3":2,"4":2,"5":2,"6":1,"7":1,"8":1,"9":1,"10":2,"11":0,"12":2,"13":0,"14":2,"15":0,"16":0,"17":2,"18":500},"f":{"0":2,"1":1,"2":1,"3":0,"4":0,"5":0,"6":500},"b":{"0":[2,0]},"_coverageSchema":"1a1c01bbd47fc00a2c39e90264f33305004495a9","hash":"4a1183534db731287548413082759258885483ff"}
,"C:\\Users\\Usuario\\Desktop\\outbuild\\react-dashboard\\src\\features\\dashboard\\commentService.js": {"path":"C:\\Users\\Usuario\\Desktop\\outbuild\\react-dashboard\\src\\features\\dashboard\\commentService.js","statementMap":{"0":{"start":{"line":1,"column":27},"end":{"line":14,"column":1}},"1":{"start":{"line":2,"column":4},"end":{"line":13,"column":5}},"2":{"start":{"line":3,"column":25},"end":{"line":3,"column":85}},"3":{"start":{"line":4,"column":8},"end":{"line":6,"column":9}},"4":{"start":{"line":5,"column":12},"end":{"line":5,"column":57}},"5":{"start":{"line":8,"column":21},"end":{"line":8,"column":42}},"6":{"start":{"line":9,"column":8},"end":{"line":9,"column":20}},"7":{"start":{"line":11,"column":8},"end":{"line":11,"column":57}},"8":{"start":{"line":12,"column":8},"end":{"line":12,"column":20}}},"fnMap":{"0":{"name":"(anonymous_0)","decl":{"start":{"line":1,"column":27},"end":{"line":1,"column":28}},"loc":{"start":{"line":1,"column":39},"end":{"line":14,"column":1}},"line":1}},"branchMap":{"0":{"loc":{"start":{"line":4,"column":8},"end":{"line":6,"column":9}},"type":"if","locations":[{"start":{"line":4,"column":8},"end":{"line":6,"column":9}},{"start":{},"end":{}}],"line":4}},"s":{"0":1,"1":1,"2":1,"3":1,"4":0,"5":1,"6":1,"7":0,"8":0},"f":{"0":1},"b":{"0":[0,1]},"_coverageSchema":"1a1c01bbd47fc00a2c39e90264f33305004495a9","hash":"169e315a409c7500215626c918263fee7f9b682b"}
,"C:\\Users\\Usuario\\Desktop\\outbuild\\react-dashboard\\src\\hooks\\useAuth.js": {"path":"C:\\Users\\Usuario\\Desktop\\outbuild\\react-dashboard\\src\\hooks\\useAuth.js","statementMap":{"0":{"start":{"line":3,"column":23},"end":{"line":26,"column":1}},"1":{"start":{"line":4,"column":28},"end":{"line":7,"column":6}},"2":{"start":{"line":5,"column":26},"end":{"line":5,"column":54}},"3":{"start":{"line":6,"column":8},"end":{"line":6,"column":56}},"4":{"start":{"line":9,"column":27},"end":{"line":17,"column":5}},"5":{"start":{"line":10,"column":8},"end":{"line":10,"column":50}},"6":{"start":{"line":11,"column":8},"end":{"line":11,"column":23}},"7":{"start":{"line":12,"column":8},"end":{"line":16,"column":9}},"8":{"start":{"line":13,"column":12},"end":{"line":13,"column":64}},"9":{"start":{"line":15,"column":12},"end":{"line":15,"column":44}},"10":{"start":{"line":19,"column":19},"end":{"line":23,"column":5}},"11":{"start":{"line":20,"column":8},"end":{"line":20,"column":35}},"12":{"start":{"line":21,"column":8},"end":{"line":21,"column":22}},"13":{"start":{"line":22,"column":8},"end":{"line":22,"column":40}},"14":{"start":{"line":25,"column":4},"end":{"line":25,"column":53}}},"fnMap":{"0":{"name":"(anonymous_0)","decl":{"start":{"line":3,"column":23},"end":{"line":3,"column":24}},"loc":{"start":{"line":3,"column":29},"end":{"line":26,"column":1}},"line":3},"1":{"name":"(anonymous_1)","decl":{"start":{"line":4,"column":37},"end":{"line":4,"column":38}},"loc":{"start":{"line":4,"column":43},"end":{"line":7,"column":5}},"line":4},"2":{"name":"(anonymous_2)","decl":{"start":{"line":9,"column":27},"end":{"line":9,"column":28}},"loc":{"start":{"line":9,"column":38},"end":{"line":17,"column":5}},"line":9},"3":{"name":"(anonymous_3)","decl":{"start":{"line":19,"column":19},"end":{"line":19,"column":20}},"loc":{"start":{"line":19,"column":25},"end":{"line":23,"column":5}},"line":19}},"branchMap":{"0":{"loc":{"start":{"line":6,"column":15},"end":{"line":6,"column":55}},"type":"cond-expr","locations":[{"start":{"line":6,"column":27},"end":{"line":6,"column":48}},{"start":{"line":6,"column":51},"end":{"line":6,"column":55}}],"line":6},"1":{"loc":{"start":{"line":12,"column":8},"end":{"line":16,"column":9}},"type":"if","locations":[{"start":{"line":12,"column":8},"end":{"line":16,"column":9}},{"start":{"line":14,"column":15},"end":{"line":16,"column":9}}],"line":12}},"s":{"0":2,"1":7,"2":5,"3":5,"4":7,"5":2,"6":2,"7":2,"8":1,"9":1,"10":7,"11":1,"12":1,"13":1,"14":7},"f":{"0":7,"1":5,"2":2,"3":1},"b":{"0":[1,4],"1":[1,1]},"_coverageSchema":"1a1c01bbd47fc00a2c39e90264f33305004495a9","hash":"875be2fd1e1005fbce3b85780c9127a7abfddac1"}
}
